151403: Issue in Uploading to Amazon....System.IO.FileNotFoundException: Could not find file 'D:\Omnimark Project\ReExport\MWS_SERVICE_21_May_2016\MWS_SERVICE\UKservice\MWS_Upload_Service\bin\Debug\failed'.
File name: 'D:\Omnimark Project\ReExport\MWS_SERVICE_21_May_2016\MWS_SERVICE\UKservice\MWS_Upload_Service\bin\Debug\failed'
   at System.IO.__Error.WinIOError(Int32 errorCode, String maybeFullPath)
   at System.IO.FileStream.Init(String path, FileMode mode, FileAccess access, Int32 rights, Boolean useRights, FileShare share, Int32 bufferSize, FileOptions options, SECURITY_ATTRIBUTES secAttrs, String msgPath, Boolean bFromProxy, Boolean useLongPath, Boolean checkHost)
   at System.IO.FileStream..ctor(String path, FileMode mode, FileAccess access, FileShare share)
   at System.IO.File.Open(String path, FileMode mode, FileAccess access)
   at MarketplaceWebService.Samples.MarketplaceWebServiceSamples.AmazonUpload() in d:\Omnimark Project\ReExport\MWS_SERVICE_21_May_2016\MWS_SERVICE\Mws\src\MarketplaceWebService.Samples\MarketplaceWebService.Samples\MarketplaceWebServiceSamples.cs:line 174
151403: Issue in Uploading to Amazon....System.IO.FileNotFoundException: Could not find file 'D:\Omnimark Project\ReExport\MWS_SERVICE_21_May_2016\MWS_SERVICE\UKservice\MWS_Upload_Service\bin\Debug\failed'.
File name: 'D:\Omnimark Project\ReExport\MWS_SERVICE_21_May_2016\MWS_SERVICE\UKservice\MWS_Upload_Service\bin\Debug\failed'
   at System.IO.__Error.WinIOError(Int32 errorCode, String maybeFullPath)
   at System.IO.FileStream.Init(String path, FileMode mode, FileAccess access, Int32 rights, Boolean useRights, FileShare share, Int32 bufferSize, FileOptions options, SECURITY_ATTRIBUTES secAttrs, String msgPath, Boolean bFromProxy, Boolean useLongPath, Boolean checkHost)
   at System.IO.FileStream..ctor(String path, FileMode mode, FileAccess access, FileShare share)
   at System.IO.File.Open(String path, FileMode mode, FileAccess access)
   at MarketplaceWebService.Samples.MarketplaceWebServiceSamples.AmazonUpload() in d:\Omnimark Project\ReExport\MWS_SERVICE_21_May_2016\MWS_SERVICE\Mws\src\MarketplaceWebService.Samples\MarketplaceWebService.Samples\MarketplaceWebServiceSamples.cs:line 174
151404: Issue in Uploading to Amazon....System.IO.FileNotFoundException: Could not find file 'D:\Omnimark Project\ReExport\MWS_SERVICE_21_May_2016\MWS_SERVICE\UKservice\MWS_Upload_Service\bin\Debug\failed'.
File name: 'D:\Omnimark Project\ReExport\MWS_SERVICE_21_May_2016\MWS_SERVICE\UKservice\MWS_Upload_Service\bin\Debug\failed'
   at System.IO.__Error.WinIOError(Int32 errorCode, String maybeFullPath)
   at System.IO.FileStream.Init(String path, FileMode mode, FileAccess access, Int32 rights, Boolean useRights, FileShare share, Int32 bufferSize, FileOptions options, SECURITY_ATTRIBUTES secAttrs, String msgPath, Boolean bFromProxy, Boolean useLongPath, Boolean checkHost)
   at System.IO.FileStream..ctor(String path, FileMode mode, FileAccess access, FileShare share)
   at System.IO.File.Open(String path, FileMode mode, FileAccess access)
   at MarketplaceWebService.Samples.MarketplaceWebServiceSamples.AmazonUpload() in d:\Omnimark Project\ReExport\MWS_SERVICE_21_May_2016\MWS_SERVICE\Mws\src\MarketplaceWebService.Samples\MarketplaceWebService.Samples\MarketplaceWebServiceSamples.cs:line 174
151404: Issue in Uploading to Amazon....System.IO.FileNotFoundException: Could not find file 'D:\Omnimark Project\ReExport\MWS_SERVICE_21_May_2016\MWS_SERVICE\UKservice\MWS_Upload_Service\bin\Debug\failed'.
File name: 'D:\Omnimark Project\ReExport\MWS_SERVICE_21_May_2016\MWS_SERVICE\UKservice\MWS_Upload_Service\bin\Debug\failed'
   at System.IO.__Error.WinIOError(Int32 errorCode, String maybeFullPath)
   at System.IO.FileStream.Init(String path, FileMode mode, FileAccess access, Int32 rights, Boolean useRights, FileShare share, Int32 bufferSize, FileOptions options, SECURITY_ATTRIBUTES secAttrs, String msgPath, Boolean bFromProxy, Boolean useLongPath, Boolean checkHost)
   at System.IO.FileStream..ctor(String path, FileMode mode, FileAccess access, FileShare share)
   at System.IO.File.Open(String path, FileMode mode, FileAccess access)
   at MarketplaceWebService.Samples.MarketplaceWebServiceSamples.AmazonUpload() in d:\Omnimark Project\ReExport\MWS_SERVICE_21_May_2016\MWS_SERVICE\Mws\src\MarketplaceWebService.Samples\MarketplaceWebService.Samples\MarketplaceWebServiceSamples.cs:line 174
